时间 2019/12/22 18:24:06:错误源:FWebBrowser
[2019/12/22 18:24:06:601]->Error Message:未将对象引用设置到对象的实例。,Error Stack:   在 FWebBrowser.FWebBrowser.UpdateJsonData() 位置 D:\2019软件开发资源\抓取数据\BankReptile\WindowsForms001\FWebBrowser.cs:行号 292
   在 System.Windows.Forms.Control.OnClick(EventArgs e)
   在 System.Windows.Forms.Button.OnMouseUp(MouseEventArgs mevent)
   在 System.Windows.Forms.Control.WmMouseUp(Message& m, MouseButtons button, Int32 clicks)
   在 System.Windows.Forms.Control.WndProc(Message& m)
   在 System.Windows.Forms.ButtonBase.WndProc(Message& m)
   在 System.Windows.Forms.Button.WndProc(Message& m)
   在 System.Windows.Forms.NativeWindow.Callback(IntPtr hWnd, Int32 msg, IntPtr wparam, IntPtr lparam)

时间 2019/12/22 18:24:06:   在 FWebBrowser.FWebBrowser.UpdateJsonData() 位置 D:\2019软件开发资源\抓取数据\BankReptile\WindowsForms001\FWebBrowser.cs:行号 292
   在 System.Windows.Forms.Control.OnClick(EventArgs e)
   在 System.Windows.Forms.Button.OnMouseUp(MouseEventArgs mevent)
   在 System.Windows.Forms.Control.WmMouseUp(Message& m, MouseButtons button, Int32 clicks)
   在 System.Windows.Forms.Control.WndProc(Message& m)
   在 System.Windows.Forms.ButtonBase.WndProc(Message& m)
   在 System.Windows.Forms.Button.WndProc(Message& m)
   在 System.Windows.Forms.NativeWindow.Callback(IntPtr hWnd, Int32 msg, IntPtr wparam, IntPtr lparam)
时间 2019/12/22 18:27:31:严重错误:指定的转换无效。System.Windows.Forms   在 System.Windows.Forms.UnsafeNativeMethods.IHTMLDocument2.GetLocation()
   在 System.Windows.Forms.WebBrowser.get_Document()
   在 FWebBrowser.FWebBrowser.WebBrowserToStandard() 位置 D:\2019软件开发资源\抓取数据\BankReptile\WindowsForms001\FWebBrowser.cs:行号 302
   在 System.Threading.ExecutionContext.RunInternal(ExecutionContext executionContext, ContextCallback callback, Object state, Boolean preserveSyncCtx)
   在 System.Threading.ExecutionContext.Run(ExecutionContext executionContext, ContextCallback callback, Object state, Boolean preserveSyncCtx)
   在 System.Threading.ExecutionContext.Run(ExecutionContext executionContext, ContextCallback callback, Object state)
   在 System.Threading.ThreadHelper.ThreadStart()
时间 2019/12/22 18:27:31:严重错误:指定的转换无效。System.Windows.Forms   在 System.Windows.Forms.UnsafeNativeMethods.IHTMLDocument2.GetLocation()
   在 System.Windows.Forms.WebBrowser.get_Document()
   在 FWebBrowser.FWebBrowser.WebBrowserToStandard() 位置 D:\2019软件开发资源\抓取数据\BankReptile\WindowsForms001\FWebBrowser.cs:行号 302
   在 System.Threading.ExecutionContext.RunInternal(ExecutionContext executionContext, ContextCallback callback, Object state, Boolean preserveSyncCtx)
   在 System.Threading.ExecutionContext.Run(ExecutionContext executionContext, ContextCallback callback, Object state, Boolean preserveSyncCtx)
   在 System.Threading.ExecutionContext.Run(ExecutionContext executionContext, ContextCallback callback, Object state)
   在 System.Threading.ThreadHelper.ThreadStart()
时间 2019/12/22 18:27:31:严重错误:指定的转换无效。System.Windows.Forms   在 System.Windows.Forms.UnsafeNativeMethods.IHTMLDocument2.GetLocation()
   在 System.Windows.Forms.WebBrowser.get_Document()
   在 FWebBrowser.FWebBrowser.WebBrowserToStandard() 位置 D:\2019软件开发资源\抓取数据\BankReptile\WindowsForms001\FWebBrowser.cs:行号 302
   在 System.Threading.ExecutionContext.RunInternal(ExecutionContext executionContext, ContextCallback callback, Object state, Boolean preserveSyncCtx)
   在 System.Threading.ExecutionContext.Run(ExecutionContext executionContext, ContextCallback callback, Object state, Boolean preserveSyncCtx)
   在 System.Threading.ExecutionContext.Run(ExecutionContext executionContext, ContextCallback callback, Object state)
   在 System.Threading.ThreadHelper.ThreadStart()
时间 2019/12/22 18:27:31:严重错误:指定的转换无效。System.Windows.Forms   在 System.Windows.Forms.UnsafeNativeMethods.IHTMLDocument2.GetLocation()
   在 System.Windows.Forms.WebBrowser.get_Document()
   在 FWebBrowser.FWebBrowser.WebBrowserToStandard() 位置 D:\2019软件开发资源\抓取数据\BankReptile\WindowsForms001\FWebBrowser.cs:行号 302
   在 System.Threading.ExecutionContext.RunInternal(ExecutionContext executionContext, ContextCallback callback, Object state, Boolean preserveSyncCtx)
   在 System.Threading.ExecutionContext.Run(ExecutionContext executionContext, ContextCallback callback, Object state, Boolean preserveSyncCtx)
   在 System.Threading.ExecutionContext.Run(ExecutionContext executionContext, ContextCallback callback, Object state)
   在 System.Threading.ThreadHelper.ThreadStart()
时间 2019/12/22 18:29:56:严重错误:指定的转换无效。System.Windows.Forms   在 System.Windows.Forms.UnsafeNativeMethods.IHTMLDocument2.GetLocation()
   在 System.Windows.Forms.WebBrowser.get_Document()
   在 FWebBrowser.FWebBrowser.WfmRefresh() 位置 D:\2019软件开发资源\抓取数据\BankReptile\WindowsForms001\FWebBrowser.cs:行号 408
   在 System.Threading.ExecutionContext.RunInternal(ExecutionContext executionContext, ContextCallback callback, Object state, Boolean preserveSyncCtx)
   在 System.Threading.ExecutionContext.Run(ExecutionContext executionContext, ContextCallback callback, Object state, Boolean preserveSyncCtx)
   在 System.Threading.ExecutionContext.Run(ExecutionContext executionContext, ContextCallback callback, Object state)
   在 System.Threading.ThreadHelper.ThreadStart()
时间 2019/12/22 18:29:56:严重错误:指定的转换无效。System.Windows.Forms   在 System.Windows.Forms.UnsafeNativeMethods.IHTMLDocument2.GetLocation()
   在 System.Windows.Forms.WebBrowser.get_Document()
   在 FWebBrowser.FWebBrowser.WfmRefresh() 位置 D:\2019软件开发资源\抓取数据\BankReptile\WindowsForms001\FWebBrowser.cs:行号 408
   在 System.Threading.ExecutionContext.RunInternal(ExecutionContext executionContext, ContextCallback callback, Object state, Boolean preserveSyncCtx)
   在 System.Threading.ExecutionContext.Run(ExecutionContext executionContext, ContextCallback callback, Object state, Boolean preserveSyncCtx)
   在 System.Threading.ExecutionContext.Run(ExecutionContext executionContext, ContextCallback callback, Object state)
   在 System.Threading.ThreadHelper.ThreadStart()
时间 2019/12/22 18:42:22:严重错误:指定的转换无效。System.Windows.Forms   在 System.Windows.Forms.UnsafeNativeMethods.IHTMLDocument2.GetLocation()
   在 System.Windows.Forms.WebBrowser.get_Document()
   在 FWebBrowser.FWebBrowser.UpdateJsonData() 位置 D:\2019软件开发资源\抓取数据\BankReptile\WindowsForms001\FWebBrowser.cs:行号 294
   在 System.Threading.ExecutionContext.RunInternal(ExecutionContext executionContext, ContextCallback callback, Object state, Boolean preserveSyncCtx)
   在 System.Threading.ExecutionContext.Run(ExecutionContext executionContext, ContextCallback callback, Object state, Boolean preserveSyncCtx)
   在 System.Threading.ExecutionContext.Run(ExecutionContext executionContext, ContextCallback callback, Object state)
   在 System.Threading.ThreadHelper.ThreadStart()
时间 2019/12/22 21:06:01:错误源:geckofx-core
[2019/12/22 21:06:01:849]->Error Message:无法加载 DLL“xul”: 找不到指定的模块。 (异常来自 HRESULT:0x8007007E)。,Error Stack:   在 Gecko.Xpcom.NS_InitXPCOM2(nsIServiceManager& serviceManager, Object binDirectory, nsIDirectoryServiceProvider appFileLocationProvider)
   在 Gecko.Xpcom.Initialize(String binDirectory) 位置 c:\Projects\geckofx\geckofx-core\Xpcom.cs:行号 322
   在 Gecko.GeckoWebBrowser.OnHandleCreated(EventArgs e) 位置 c:\Projects\geckofx\geckofx-winforms\GeckoWebBrowser.WinForms.cs:行号 127
   在 System.Windows.Forms.Control.WmCreate(Message& m)
   在 System.Windows.Forms.Control.WndProc(Message& m)
   在 Gecko.GeckoWebBrowser.WndProc(Message& m) 位置 c:\Projects\geckofx\geckofx-winforms\GeckoWebBrowser.WinForms.cs:行号 407
   在 System.Windows.Forms.NativeWindow.Callback(IntPtr hWnd, Int32 msg, IntPtr wparam, IntPtr lparam)

时间 2019/12/22 21:06:01:   在 Gecko.Xpcom.NS_InitXPCOM2(nsIServiceManager& serviceManager, Object binDirectory, nsIDirectoryServiceProvider appFileLocationProvider)
   在 Gecko.Xpcom.Initialize(String binDirectory) 位置 c:\Projects\geckofx\geckofx-core\Xpcom.cs:行号 322
   在 Gecko.GeckoWebBrowser.OnHandleCreated(EventArgs e) 位置 c:\Projects\geckofx\geckofx-winforms\GeckoWebBrowser.WinForms.cs:行号 127
   在 System.Windows.Forms.Control.WmCreate(Message& m)
   在 System.Windows.Forms.Control.WndProc(Message& m)
   在 Gecko.GeckoWebBrowser.WndProc(Message& m) 位置 c:\Projects\geckofx\geckofx-winforms\GeckoWebBrowser.WinForms.cs:行号 407
   在 System.Windows.Forms.NativeWindow.Callback(IntPtr hWnd, Int32 msg, IntPtr wparam, IntPtr lparam)
时间 2019/12/22 21:09:18:错误源:geckofx-core
[2019/12/22 21:09:18:884]->Error Message:无法加载 DLL“xul”: 找不到指定的模块。 (异常来自 HRESULT:0x8007007E)。,Error Stack:   在 Gecko.Xpcom.NS_InitXPCOM2(nsIServiceManager& serviceManager, Object binDirectory, nsIDirectoryServiceProvider appFileLocationProvider)
   在 Gecko.Xpcom.Initialize(String binDirectory) 位置 c:\Projects\geckofx\geckofx-core\Xpcom.cs:行号 322
   在 Gecko.GeckoWebBrowser.OnHandleCreated(EventArgs e) 位置 c:\Projects\geckofx\geckofx-winforms\GeckoWebBrowser.WinForms.cs:行号 127
   在 System.Windows.Forms.Control.WmCreate(Message& m)
   在 System.Windows.Forms.Control.WndProc(Message& m)
   在 Gecko.GeckoWebBrowser.WndProc(Message& m) 位置 c:\Projects\geckofx\geckofx-winforms\GeckoWebBrowser.WinForms.cs:行号 407
   在 System.Windows.Forms.NativeWindow.Callback(IntPtr hWnd, Int32 msg, IntPtr wparam, IntPtr lparam)

时间 2019/12/22 21:09:18:   在 Gecko.Xpcom.NS_InitXPCOM2(nsIServiceManager& serviceManager, Object binDirectory, nsIDirectoryServiceProvider appFileLocationProvider)
   在 Gecko.Xpcom.Initialize(String binDirectory) 位置 c:\Projects\geckofx\geckofx-core\Xpcom.cs:行号 322
   在 Gecko.GeckoWebBrowser.OnHandleCreated(EventArgs e) 位置 c:\Projects\geckofx\geckofx-winforms\GeckoWebBrowser.WinForms.cs:行号 127
   在 System.Windows.Forms.Control.WmCreate(Message& m)
   在 System.Windows.Forms.Control.WndProc(Message& m)
   在 Gecko.GeckoWebBrowser.WndProc(Message& m) 位置 c:\Projects\geckofx\geckofx-winforms\GeckoWebBrowser.WinForms.cs:行号 407
   在 System.Windows.Forms.NativeWindow.Callback(IntPtr hWnd, Int32 msg, IntPtr wparam, IntPtr lparam)
时间 2019/12/22 21:11:13:错误源:geckofx-core
[2019/12/22 21:11:13:974]->Error Message:无法加载 DLL“xul”: 找不到指定的模块。 (异常来自 HRESULT:0x8007007E)。,Error Stack:   在 Gecko.Xpcom.NS_InitXPCOM2(nsIServiceManager& serviceManager, Object binDirectory, nsIDirectoryServiceProvider appFileLocationProvider)
   在 Gecko.Xpcom.Initialize(String binDirectory) 位置 c:\Projects\geckofx\geckofx-core\Xpcom.cs:行号 322
   在 Gecko.GeckoWebBrowser.OnHandleCreated(EventArgs e) 位置 c:\Projects\geckofx\geckofx-winforms\GeckoWebBrowser.WinForms.cs:行号 127
   在 System.Windows.Forms.Control.WmCreate(Message& m)
   在 System.Windows.Forms.Control.WndProc(Message& m)
   在 Gecko.GeckoWebBrowser.WndProc(Message& m) 位置 c:\Projects\geckofx\geckofx-winforms\GeckoWebBrowser.WinForms.cs:行号 407
   在 System.Windows.Forms.NativeWindow.Callback(IntPtr hWnd, Int32 msg, IntPtr wparam, IntPtr lparam)

时间 2019/12/22 21:11:13:   在 Gecko.Xpcom.NS_InitXPCOM2(nsIServiceManager& serviceManager, Object binDirectory, nsIDirectoryServiceProvider appFileLocationProvider)
   在 Gecko.Xpcom.Initialize(String binDirectory) 位置 c:\Projects\geckofx\geckofx-core\Xpcom.cs:行号 322
   在 Gecko.GeckoWebBrowser.OnHandleCreated(EventArgs e) 位置 c:\Projects\geckofx\geckofx-winforms\GeckoWebBrowser.WinForms.cs:行号 127
   在 System.Windows.Forms.Control.WmCreate(Message& m)
   在 System.Windows.Forms.Control.WndProc(Message& m)
   在 Gecko.GeckoWebBrowser.WndProc(Message& m) 位置 c:\Projects\geckofx\geckofx-winforms\GeckoWebBrowser.WinForms.cs:行号 407
   在 System.Windows.Forms.NativeWindow.Callback(IntPtr hWnd, Int32 msg, IntPtr wparam, IntPtr lparam)
时间 2019/12/22 21:48:46:错误源:geckofx-core
[2019/12/22 21:48:46:727]->Error Message:无法加载 DLL“xul”: 找不到指定的模块。 (异常来自 HRESULT:0x8007007E)。,Error Stack:   在 Gecko.Xpcom.NS_InitXPCOM2(nsIServiceManager& serviceManager, Object binDirectory, nsIDirectoryServiceProvider appFileLocationProvider)
   在 Gecko.Xpcom.Initialize(String binDirectory) 位置 c:\Projects\geckofx\geckofx-core\Xpcom.cs:行号 322
   在 Gecko.GeckoWebBrowser.OnHandleCreated(EventArgs e) 位置 c:\Projects\geckofx\geckofx-winforms\GeckoWebBrowser.WinForms.cs:行号 127
   在 System.Windows.Forms.Control.WmCreate(Message& m)
   在 System.Windows.Forms.Control.WndProc(Message& m)
   在 Gecko.GeckoWebBrowser.WndProc(Message& m) 位置 c:\Projects\geckofx\geckofx-winforms\GeckoWebBrowser.WinForms.cs:行号 407
   在 System.Windows.Forms.NativeWindow.Callback(IntPtr hWnd, Int32 msg, IntPtr wparam, IntPtr lparam)

时间 2019/12/22 21:48:46:   在 Gecko.Xpcom.NS_InitXPCOM2(nsIServiceManager& serviceManager, Object binDirectory, nsIDirectoryServiceProvider appFileLocationProvider)
   在 Gecko.Xpcom.Initialize(String binDirectory) 位置 c:\Projects\geckofx\geckofx-core\Xpcom.cs:行号 322
   在 Gecko.GeckoWebBrowser.OnHandleCreated(EventArgs e) 位置 c:\Projects\geckofx\geckofx-winforms\GeckoWebBrowser.WinForms.cs:行号 127
   在 System.Windows.Forms.Control.WmCreate(Message& m)
   在 System.Windows.Forms.Control.WndProc(Message& m)
   在 Gecko.GeckoWebBrowser.WndProc(Message& m) 位置 c:\Projects\geckofx\geckofx-winforms\GeckoWebBrowser.WinForms.cs:行号 407
   在 System.Windows.Forms.NativeWindow.Callback(IntPtr hWnd, Int32 msg, IntPtr wparam, IntPtr lparam)
时间 2019/12/22 21:56:23:错误源:geckofx-core
[2019/12/22 21:56:23:681]->Error Message:无法加载 DLL“xul”: 找不到指定的模块。 (异常来自 HRESULT:0x8007007E)。,Error Stack:   在 Gecko.Xpcom.NS_InitXPCOM2(nsIServiceManager& serviceManager, Object binDirectory, nsIDirectoryServiceProvider appFileLocationProvider)
   在 Gecko.Xpcom.Initialize(String binDirectory) 位置 c:\Projects\geckofx\geckofx-core\Xpcom.cs:行号 322
   在 Gecko.GeckoWebBrowser.OnHandleCreated(EventArgs e) 位置 c:\Projects\geckofx\geckofx-winforms\GeckoWebBrowser.WinForms.cs:行号 127
   在 System.Windows.Forms.Control.WmCreate(Message& m)
   在 System.Windows.Forms.Control.WndProc(Message& m)
   在 Gecko.GeckoWebBrowser.WndProc(Message& m) 位置 c:\Projects\geckofx\geckofx-winforms\GeckoWebBrowser.WinForms.cs:行号 407
   在 System.Windows.Forms.NativeWindow.Callback(IntPtr hWnd, Int32 msg, IntPtr wparam, IntPtr lparam)

时间 2019/12/22 21:56:23:   在 Gecko.Xpcom.NS_InitXPCOM2(nsIServiceManager& serviceManager, Object binDirectory, nsIDirectoryServiceProvider appFileLocationProvider)
   在 Gecko.Xpcom.Initialize(String binDirectory) 位置 c:\Projects\geckofx\geckofx-core\Xpcom.cs:行号 322
   在 Gecko.GeckoWebBrowser.OnHandleCreated(EventArgs e) 位置 c:\Projects\geckofx\geckofx-winforms\GeckoWebBrowser.WinForms.cs:行号 127
   在 System.Windows.Forms.Control.WmCreate(Message& m)
   在 System.Windows.Forms.Control.WndProc(Message& m)
   在 Gecko.GeckoWebBrowser.WndProc(Message& m) 位置 c:\Projects\geckofx\geckofx-winforms\GeckoWebBrowser.WinForms.cs:行号 407
   在 System.Windows.Forms.NativeWindow.Callback(IntPtr hWnd, Int32 msg, IntPtr wparam, IntPtr lparam)
时间 2019/12/22 21:58:11:错误源:geckofx-core
[2019/12/22 21:58:12:90]->Error Message:无法加载 DLL“xul”: 找不到指定的模块。 (异常来自 HRESULT:0x8007007E)。,Error Stack:   在 Gecko.Xpcom.NS_InitXPCOM2(nsIServiceManager& serviceManager, Object binDirectory, nsIDirectoryServiceProvider appFileLocationProvider)
   在 Gecko.Xpcom.Initialize(String binDirectory) 位置 c:\Projects\geckofx\geckofx-core\Xpcom.cs:行号 322
   在 Gecko.GeckoWebBrowser.OnHandleCreated(EventArgs e) 位置 c:\Projects\geckofx\geckofx-winforms\GeckoWebBrowser.WinForms.cs:行号 127
   在 System.Windows.Forms.Control.WmCreate(Message& m)
   在 System.Windows.Forms.Control.WndProc(Message& m)
   在 Gecko.GeckoWebBrowser.WndProc(Message& m) 位置 c:\Projects\geckofx\geckofx-winforms\GeckoWebBrowser.WinForms.cs:行号 407
   在 System.Windows.Forms.NativeWindow.Callback(IntPtr hWnd, Int32 msg, IntPtr wparam, IntPtr lparam)

时间 2019/12/22 21:58:12:   在 Gecko.Xpcom.NS_InitXPCOM2(nsIServiceManager& serviceManager, Object binDirectory, nsIDirectoryServiceProvider appFileLocationProvider)
   在 Gecko.Xpcom.Initialize(String binDirectory) 位置 c:\Projects\geckofx\geckofx-core\Xpcom.cs:行号 322
   在 Gecko.GeckoWebBrowser.OnHandleCreated(EventArgs e) 位置 c:\Projects\geckofx\geckofx-winforms\GeckoWebBrowser.WinForms.cs:行号 127
   在 System.Windows.Forms.Control.WmCreate(Message& m)
   在 System.Windows.Forms.Control.WndProc(Message& m)
   在 Gecko.GeckoWebBrowser.WndProc(Message& m) 位置 c:\Projects\geckofx\geckofx-winforms\GeckoWebBrowser.WinForms.cs:行号 407
   在 System.Windows.Forms.NativeWindow.Callback(IntPtr hWnd, Int32 msg, IntPtr wparam, IntPtr lparam)
