时间 2019/12/22 23:06:51:错误源:geckofx-core
[2019/12/22 23:06:51:997]->Error Message:无法加载 DLL“xul”: 找不到指定的模块。 (异常来自 HRESULT:0x8007007E)。,Error Stack:   在 Gecko.Xpcom.NS_InitXPCOM2(nsIServiceManager& serviceManager, Object binDirectory, nsIDirectoryServiceProvider appFileLocationProvider)
   在 Gecko.Xpcom.Initialize(String binDirectory) 位置 c:\Projects\geckofx\geckofx-core\Xpcom.cs:行号 322
   在 Gecko.GeckoWebBrowser.OnHandleCreated(EventArgs e) 位置 c:\Projects\geckofx\geckofx-winforms\GeckoWebBrowser.WinForms.cs:行号 127
   在 System.Windows.Forms.Control.WmCreate(Message& m)
   在 System.Windows.Forms.Control.WndProc(Message& m)
   在 Gecko.GeckoWebBrowser.WndProc(Message& m) 位置 c:\Projects\geckofx\geckofx-winforms\GeckoWebBrowser.WinForms.cs:行号 407
   在 System.Windows.Forms.NativeWindow.Callback(IntPtr hWnd, Int32 msg, IntPtr wparam, IntPtr lparam)

时间 2019/12/22 23:06:52:   在 Gecko.Xpcom.NS_InitXPCOM2(nsIServiceManager& serviceManager, Object binDirectory, nsIDirectoryServiceProvider appFileLocationProvider)
   在 Gecko.Xpcom.Initialize(String binDirectory) 位置 c:\Projects\geckofx\geckofx-core\Xpcom.cs:行号 322
   在 Gecko.GeckoWebBrowser.OnHandleCreated(EventArgs e) 位置 c:\Projects\geckofx\geckofx-winforms\GeckoWebBrowser.WinForms.cs:行号 127
   在 System.Windows.Forms.Control.WmCreate(Message& m)
   在 System.Windows.Forms.Control.WndProc(Message& m)
   在 Gecko.GeckoWebBrowser.WndProc(Message& m) 位置 c:\Projects\geckofx\geckofx-winforms\GeckoWebBrowser.WinForms.cs:行号 407
   在 System.Windows.Forms.NativeWindow.Callback(IntPtr hWnd, Int32 msg, IntPtr wparam, IntPtr lparam)
时间 2019/12/22 23:09:29:错误源:geckofx-core
[2019/12/22 23:09:29:823]->Error Message:无法加载 DLL“xul”: 找不到指定的模块。 (异常来自 HRESULT:0x8007007E)。,Error Stack:   在 Gecko.Xpcom.NS_InitXPCOM2(nsIServiceManager& serviceManager, Object binDirectory, nsIDirectoryServiceProvider appFileLocationProvider)
   在 Gecko.Xpcom.Initialize(String binDirectory) 位置 c:\Projects\geckofx\geckofx-core\Xpcom.cs:行号 322
   在 Gecko.GeckoWebBrowser.OnHandleCreated(EventArgs e) 位置 c:\Projects\geckofx\geckofx-winforms\GeckoWebBrowser.WinForms.cs:行号 127
   在 System.Windows.Forms.Control.WmCreate(Message& m)
   在 System.Windows.Forms.Control.WndProc(Message& m)
   在 Gecko.GeckoWebBrowser.WndProc(Message& m) 位置 c:\Projects\geckofx\geckofx-winforms\GeckoWebBrowser.WinForms.cs:行号 407
   在 System.Windows.Forms.NativeWindow.Callback(IntPtr hWnd, Int32 msg, IntPtr wparam, IntPtr lparam)

时间 2019/12/22 23:09:29:   在 Gecko.Xpcom.NS_InitXPCOM2(nsIServiceManager& serviceManager, Object binDirectory, nsIDirectoryServiceProvider appFileLocationProvider)
   在 Gecko.Xpcom.Initialize(String binDirectory) 位置 c:\Projects\geckofx\geckofx-core\Xpcom.cs:行号 322
   在 Gecko.GeckoWebBrowser.OnHandleCreated(EventArgs e) 位置 c:\Projects\geckofx\geckofx-winforms\GeckoWebBrowser.WinForms.cs:行号 127
   在 System.Windows.Forms.Control.WmCreate(Message& m)
   在 System.Windows.Forms.Control.WndProc(Message& m)
   在 Gecko.GeckoWebBrowser.WndProc(Message& m) 位置 c:\Projects\geckofx\geckofx-winforms\GeckoWebBrowser.WinForms.cs:行号 407
   在 System.Windows.Forms.NativeWindow.Callback(IntPtr hWnd, Int32 msg, IntPtr wparam, IntPtr lparam)
时间 2019/12/22 23:20:46:错误源:geckofx-core
[2019/12/22 23:20:46:848]->Error Message:无法加载 DLL“xul”: 找不到指定的模块。 (异常来自 HRESULT:0x8007007E)。,Error Stack:   在 Gecko.Xpcom.NS_InitXPCOM2(nsIServiceManager& serviceManager, Object binDirectory, nsIDirectoryServiceProvider appFileLocationProvider)
   在 Gecko.Xpcom.Initialize(String binDirectory) 位置 c:\Projects\geckofx\geckofx-core\Xpcom.cs:行号 322
   在 Gecko.GeckoWebBrowser.OnHandleCreated(EventArgs e) 位置 c:\Projects\geckofx\geckofx-winforms\GeckoWebBrowser.WinForms.cs:行号 127
   在 System.Windows.Forms.Control.WmCreate(Message& m)
   在 System.Windows.Forms.Control.WndProc(Message& m)
   在 Gecko.GeckoWebBrowser.WndProc(Message& m) 位置 c:\Projects\geckofx\geckofx-winforms\GeckoWebBrowser.WinForms.cs:行号 407
   在 System.Windows.Forms.NativeWindow.Callback(IntPtr hWnd, Int32 msg, IntPtr wparam, IntPtr lparam)

时间 2019/12/22 23:20:46:   在 Gecko.Xpcom.NS_InitXPCOM2(nsIServiceManager& serviceManager, Object binDirectory, nsIDirectoryServiceProvider appFileLocationProvider)
   在 Gecko.Xpcom.Initialize(String binDirectory) 位置 c:\Projects\geckofx\geckofx-core\Xpcom.cs:行号 322
   在 Gecko.GeckoWebBrowser.OnHandleCreated(EventArgs e) 位置 c:\Projects\geckofx\geckofx-winforms\GeckoWebBrowser.WinForms.cs:行号 127
   在 System.Windows.Forms.Control.WmCreate(Message& m)
   在 System.Windows.Forms.Control.WndProc(Message& m)
   在 Gecko.GeckoWebBrowser.WndProc(Message& m) 位置 c:\Projects\geckofx\geckofx-winforms\GeckoWebBrowser.WinForms.cs:行号 407
   在 System.Windows.Forms.NativeWindow.Callback(IntPtr hWnd, Int32 msg, IntPtr wparam, IntPtr lparam)
